<?xml version="1.0" encoding="UTF-8"?>
<robot generator="Robot 3.2.2 (Python 3.9.1 on win32)" generated="20210120 09:59:21.768" rpa="false">
<suite id="s1" name="openEmrProject" source="C:\Robot_framework\Robot_workspace\openEmrProject">
<suite id="s1-s1" name="PatientSuite" source="C:\Robot_framework\Robot_workspace\openEmrProject\PatientSuite">
<suite id="s1-s1-s1" name="Vaerify Add Patient" source="C:\Robot_framework\Robot_workspace\openEmrProject\PatientSuite\vaerify_add_patient.robot">
<test id="s1-s1-s1-t1" name="Valid_Add_Patient">
<kw name="Launch Browser" library="common_functionality" type="setup">
<kw name="Append To Environment Variable" library="OperatingSystem">
<doc>Appends given ``values`` to environment variable ``name``.</doc>
<arguments>
<arg>path</arg>
<arg>${EXECDIR}${/}driver</arg>
</arguments>
<msg timestamp="20210120 09:59:22.223" level="INFO">Environment variable 'path' set to value 'C:/Users/CTEA/.p2/pool/plugins/org.eclipse.justj.openjdk.hotspot.jre.full.win32.x86_64_15.0.1.v20201027-0507/jre/bin/server;C:/Users/CTEA/.p2/pool/plugins/org.eclipse.justj.openjdk.hotspot.jre.full.win32.x86_64_15.0.1.v20201027-0507/jre/bin;C:\Program Files (x86)\Common Files\Oracle\Java\javapath;C:\WINDOWS\system32;C:\WINDOWS;C:\WINDOWS\System32\Wbem;C:\WINDOWS\System32\WindowsPowerShell\v1.0\;C:\python;C:\python\Scripts;C:\xampp\mysql\bin;C:\Program Files\Git\cmd;C:\Program Files\mingw-w64\x86_64-8.1.0-posix-seh-rt_v6-rev0\mingw64\bin;C:\WINDOWS\System32\OpenSSH\;C:\Program Files (x86)\Groovy\bin;C:\ProgramData\Microsoft\Windows\Start Menu\Programs\Groovy;C:\Program Files (x86)\Groovy\bin;C:\Program Files\Java\jdk1.8.0_271\bin;;C:\Users\CTEA\AppData\Local\Programs\Microsoft VS Code\bin;C:\Users\CTEA\AppData\Local\Microsoft\WindowsApps;C:\WINDOWS\System32;;C:\Robot_framework\Robot_workspace\openEmrProject\driver'.</msg>
<status status="PASS" starttime="20210120 09:59:22.223" endtime="20210120 09:59:22.224"></status>
</kw>
<kw name="Open Browser" library="SeleniumLibrary">
<doc>Opens a new browser instance to the optional ``url``.</doc>
<arguments>
<arg>browser= ${BROWSER_NAME}</arg>
</arguments>
<msg timestamp="20210120 09:59:22.225" level="INFO">Opening browser ' chrome' to base url 'None'.</msg>
<status status="PASS" starttime="20210120 09:59:22.224" endtime="20210120 09:59:26.166"></status>
</kw>
<kw name="Maximize Browser Window" library="SeleniumLibrary">
<doc>Maximizes current browser window.</doc>
<status status="PASS" starttime="20210120 09:59:26.167" endtime="20210120 09:59:28.304"></status>
</kw>
<kw name="Set Selenium Implicit Wait" library="SeleniumLibrary">
<doc>Sets the implicit wait value used by Selenium.</doc>
<arguments>
<arg>30s</arg>
</arguments>
<status status="PASS" starttime="20210120 09:59:28.305" endtime="20210120 09:59:28.307"></status>
</kw>
<kw name="Go To" library="SeleniumLibrary">
<doc>Navigates the current browser window to the provided ``url``.</doc>
<arguments>
<arg>url=${url}</arg>
</arguments>
<msg timestamp="20210120 09:59:28.308" level="INFO">Opening url 'https://demo.openemr.io/b/openemr/interface/login/login.php?si'</msg>
<status status="PASS" starttime="20210120 09:59:28.308" endtime="20210120 09:59:35.515"></status>
</kw>
<status status="PASS" starttime="20210120 09:59:22.222" endtime="20210120 09:59:35.515"></status>
</kw>
<kw name="Enter Username" library="LoginPage">
<arguments>
<arg>admin</arg>
</arguments>
<kw name="Input Text" library="SeleniumLibrary">
<doc>Types the given ``text`` into the text field identified by ``locator``.</doc>
<arguments>
<arg>${USERNAME_LOCATOR}</arg>
<arg>${username}</arg>
</arguments>
<msg timestamp="20210120 09:59:35.517" level="INFO">Typing text 'admin' into text field 'authUser'.</msg>
<status status="PASS" starttime="20210120 09:59:35.517" endtime="20210120 09:59:35.896"></status>
</kw>
<status status="PASS" starttime="20210120 09:59:35.516" endtime="20210120 09:59:35.896"></status>
</kw>
<kw name="Enter Password" library="LoginPage">
<arguments>
<arg>pass</arg>
</arguments>
<kw name="Input Password" library="SeleniumLibrary">
<doc>Types the given password into the text field identified by ``locator``.</doc>
<arguments>
<arg>${PASSWORD_LOCATOR}</arg>
<arg>${password}</arg>
</arguments>
<msg timestamp="20210120 09:59:35.898" level="INFO">Typing password into text field 'clearPass'.</msg>
<msg timestamp="20210120 09:59:36.087" level="INFO">Temporally setting log level to: NONE</msg>
<msg timestamp="20210120 09:59:36.270" level="INFO">Log level changed from NONE to INFO.</msg>
<status status="PASS" starttime="20210120 09:59:35.897" endtime="20210120 09:59:36.271"></status>
</kw>
<status status="PASS" starttime="20210120 09:59:35.897" endtime="20210120 09:59:36.271"></status>
</kw>
<kw name="Select Language" library="LoginPage">
<arguments>
<arg>English (Indian)</arg>
</arguments>
<kw name="Select From List By Label" library="SeleniumLibrary">
<doc>Selects options from selection list ``locator`` by ``labels``.</doc>
<arguments>
<arg>${LANGUAGE_LOCATOR}</arg>
<arg>${language}</arg>
</arguments>
<msg timestamp="20210120 09:59:36.273" level="INFO">Selecting options from selection list 'languageChoice' by label English (Indian).</msg>
<status status="PASS" starttime="20210120 09:59:36.272" endtime="20210120 09:59:36.583"></status>
</kw>
<status status="PASS" starttime="20210120 09:59:36.272" endtime="20210120 09:59:36.583"></status>
</kw>
<kw name="Click Login" library="LoginPage">
<kw name="Click Element" library="SeleniumLibrary">
<doc>Click the element identified by ``locator``.</doc>
<arguments>
<arg>${LOGIN LOCATOR}</arg>
</arguments>
<msg timestamp="20210120 09:59:36.585" level="INFO">Clicking element '//button[@type='submit']'.</msg>
<status status="PASS" starttime="20210120 09:59:36.584" endtime="20210120 09:59:45.399"></status>
</kw>
<status status="PASS" starttime="20210120 09:59:36.584" endtime="20210120 09:59:45.399"></status>
</kw>
<kw name="Dashboard Page Should Contain" library="DashboardPage">
<arguments>
<arg>Flow Board</arg>
</arguments>
<kw name="Page Should Contain" library="SeleniumLibrary">
<doc>Verifies that current page contains ``text``.</doc>
<arguments>
<arg>${pagetext}</arg>
</arguments>
<msg timestamp="20210120 09:59:45.475" level="INFO">Current page contains text 'Flow Board'.</msg>
<status status="PASS" starttime="20210120 09:59:45.404" endtime="20210120 09:59:45.476"></status>
</kw>
<status status="PASS" starttime="20210120 09:59:45.399" endtime="20210120 09:59:45.476"></status>
</kw>
<kw name="MouseOver On Patient/client" library="DashboardPage">
<kw name="Mouse Over" library="SeleniumLibrary">
<doc>Simulates hovering the mouse over the element ``locator``.</doc>
<arguments>
<arg>${NAME1_LOCATOR}</arg>
</arguments>
<msg timestamp="20210120 09:59:45.478" level="INFO">Simulating Mouse Over on element '//div[contains(text(),'Patient/Client')]'.</msg>
<status status="PASS" starttime="20210120 09:59:45.477" endtime="20210120 09:59:45.801"></status>
</kw>
<status status="PASS" starttime="20210120 09:59:45.477" endtime="20210120 09:59:45.801"></status>
</kw>
<kw name="Click patient" library="DashboardPage">
<kw name="Click Element" library="SeleniumLibrary">
<doc>Click the element identified by ``locator``.</doc>
<arguments>
<arg>${PATIENT_LOCATOR}</arg>
</arguments>
<msg timestamp="20210120 09:59:45.803" level="INFO">Clicking element '//div[contains(text(),'Patients')]'.</msg>
<status status="PASS" starttime="20210120 09:59:45.802" endtime="20210120 09:59:46.072"></status>
</kw>
<status status="PASS" starttime="20210120 09:59:45.802" endtime="20210120 09:59:46.073"></status>
</kw>
<kw name="Switch To Fin Frame" library="PatientFinderPage">
<kw name="Select Frame" library="SeleniumLibrary">
<doc>Sets frame identified by ``locator`` as the current frame.</doc>
<arguments>
<arg>${FIN_LOCATOR}</arg>
</arguments>
<msg timestamp="20210120 09:59:46.074" level="INFO">Selecting frame 'fin'.</msg>
<status status="PASS" starttime="20210120 09:59:46.074" endtime="20210120 09:59:47.440"></status>
</kw>
<status status="PASS" starttime="20210120 09:59:46.073" endtime="20210120 09:59:47.441"></status>
</kw>
<kw name="Add Patient" library="PatientFinderPage">
<kw name="Click Element" library="SeleniumLibrary">
<doc>Click the element identified by ``locator``.</doc>
<arguments>
<arg>${CLICK_LOCATOR}</arg>
</arguments>
<msg timestamp="20210120 09:59:47.443" level="INFO">Clicking element 'create_patient_btn1'.</msg>
<status status="PASS" starttime="20210120 09:59:47.442" endtime="20210120 09:59:48.211"></status>
</kw>
<status status="PASS" starttime="20210120 09:59:47.441" endtime="20210120 09:59:48.212"></status>
</kw>
<kw name="Unselect Frame" library="SeleniumLibrary">
<doc>Sets the main frame as the current frame.</doc>
<status status="PASS" starttime="20210120 09:59:48.212" endtime="20210120 09:59:48.226"></status>
</kw>
<kw name="Sleep" library="BuiltIn">
<doc>Pauses the test executed for the given time.</doc>
<arguments>
<arg>5s</arg>
</arguments>
<msg timestamp="20210120 09:59:53.228" level="INFO">Slept 5 seconds</msg>
<status status="PASS" starttime="20210120 09:59:48.226" endtime="20210120 09:59:53.228"></status>
</kw>
<kw name="Switch to pat frame" library="SearchOrAddPatient">
<kw name="Select Frame" library="SeleniumLibrary">
<doc>Sets frame identified by ``locator`` as the current frame.</doc>
<arguments>
<arg>${PAT_LOCATOR}</arg>
</arguments>
<msg timestamp="20210120 09:59:53.231" level="INFO">Selecting frame 'name=pat'.</msg>
<status status="PASS" starttime="20210120 09:59:53.230" endtime="20210120 09:59:53.338"></status>
</kw>
<status status="PASS" starttime="20210120 09:59:53.229" endtime="20210120 09:59:53.339"></status>
</kw>
<kw name="Enter Firstname" library="SearchOrAddPatient">
<arguments>
<arg>Sneha</arg>
</arguments>
<kw name="Input Text" library="SeleniumLibrary">
<doc>Types the given ``text`` into the text field identified by ``locator``.</doc>
<arguments>
<arg>${FNAME_LOCATOR}</arg>
<arg>${fname}</arg>
</arguments>
<msg timestamp="20210120 09:59:53.340" level="INFO">Typing text 'Sneha' into text field '//input[@name='form_fname']'.</msg>
<status status="PASS" starttime="20210120 09:59:53.340" endtime="20210120 09:59:54.361"></status>
</kw>
<status status="PASS" starttime="20210120 09:59:53.339" endtime="20210120 09:59:54.362"></status>
</kw>
<kw name="Enter Middlename" library="SearchOrAddPatient">
<arguments>
<arg>Suthi</arg>
</arguments>
<kw name="Input Text" library="SeleniumLibrary">
<doc>Types the given ``text`` into the text field identified by ``locator``.</doc>
<arguments>
<arg>${MIDDLE_LOCATOR}</arg>
<arg>${mname}</arg>
</arguments>
<msg timestamp="20210120 09:59:54.363" level="INFO">Typing text 'Suthi' into text field '//input[@name='form_mname']'.</msg>
<status status="PASS" starttime="20210120 09:59:54.363" endtime="20210120 09:59:55.059"></status>
</kw>
<status status="PASS" starttime="20210120 09:59:54.362" endtime="20210120 09:59:55.059"></status>
</kw>
<kw name="Enter Lastname" library="SearchOrAddPatient">
<arguments>
<arg>R</arg>
</arguments>
<kw name="Input Text" library="SeleniumLibrary">
<doc>Types the given ``text`` into the text field identified by ``locator``.</doc>
<arguments>
<arg>${LNAME_LOCATOR}</arg>
<arg>${lname}</arg>
</arguments>
<msg timestamp="20210120 09:59:55.061" level="INFO">Typing text 'R' into text field '//input[@name='form_lname']'.</msg>
<status status="PASS" starttime="20210120 09:59:55.060" endtime="20210120 09:59:55.721"></status>
</kw>
<status status="PASS" starttime="20210120 09:59:55.060" endtime="20210120 09:59:55.722"></status>
</kw>
<kw name="Enter DOB" library="SearchOrAddPatient">
<arguments>
<arg>2021-01-20</arg>
</arguments>
<kw name="Input Text" library="SeleniumLibrary">
<doc>Types the given ``text`` into the text field identified by ``locator``.</doc>
<arguments>
<arg>${DOB}</arg>
<arg>${dob}</arg>
</arguments>
<msg timestamp="20210120 09:59:55.725" level="INFO">Typing text '2021-01-20' into text field '2021-01-20'.</msg>
<kw name="Capture Page Screenshot" library="SeleniumLibrary">
<doc>Takes a screenshot of the current page and embeds it into a log file.</doc>
<msg timestamp="20210120 10:00:26.174" level="INFO" html="yes">&lt;/td&gt;&lt;/tr&gt;&lt;tr&gt;&lt;td colspan="3"&gt;&lt;a href="screenshot/selenium-screenshot-35.png"&gt;&lt;img src="screenshot/selenium-screenshot-35.png" width="800px"&gt;&lt;/a&gt;</msg>
<status status="PASS" starttime="20210120 10:00:25.742" endtime="20210120 10:00:26.175"></status>
</kw>
<msg timestamp="20210120 10:00:26.178" level="FAIL">Element with locator '2021-01-20' not found.</msg>
<status status="FAIL" starttime="20210120 09:59:55.725" endtime="20210120 10:00:26.178"></status>
</kw>
<status status="FAIL" starttime="20210120 09:59:55.722" endtime="20210120 10:00:26.179"></status>
</kw>
<kw name="End Browser" library="common_functionality" type="teardown">
<kw name="Capture Page Screenshot" library="SeleniumLibrary">
<doc>Takes a screenshot of the current page and embeds it into a log file.</doc>
<msg timestamp="20210120 10:00:26.554" level="INFO" html="yes">&lt;/td&gt;&lt;/tr&gt;&lt;tr&gt;&lt;td colspan="3"&gt;&lt;a href="screenshot/selenium-screenshot-36.png"&gt;&lt;img src="screenshot/selenium-screenshot-36.png" width="800px"&gt;&lt;/a&gt;</msg>
<status status="PASS" starttime="20210120 10:00:26.180" endtime="20210120 10:00:26.554"></status>
</kw>
<kw name="Close Browser" library="SeleniumLibrary">
<doc>Closes the current browser.</doc>
<status status="PASS" starttime="20210120 10:00:26.554" endtime="20210120 10:00:28.751"></status>
</kw>
<status status="PASS" starttime="20210120 10:00:26.179" endtime="20210120 10:00:28.752"></status>
</kw>
<status status="FAIL" starttime="20210120 09:59:22.221" endtime="20210120 10:00:28.752" critical="yes">Element with locator '2021-01-20' not found.</status>
</test>
<status status="FAIL" starttime="20210120 09:59:21.855" endtime="20210120 10:00:28.753"></status>
</suite>
<status status="FAIL" starttime="20210120 09:59:21.851" endtime="20210120 10:00:28.756"></status>
</suite>
<status status="FAIL" starttime="20210120 09:59:21.819" endtime="20210120 10:00:28.759"></status>
</suite>
<statistics>
<total>
<stat pass="0" fail="1">Critical Tests</stat>
<stat pass="0" fail="1">All Tests</stat>
</total>
<tag>
</tag>
<suite>
<stat pass="0" fail="1" id="s1" name="openEmrProject">openEmrProject</stat>
<stat pass="0" fail="1" id="s1-s1" name="PatientSuite">openEmrProject.PatientSuite</stat>
<stat pass="0" fail="1" id="s1-s1-s1" name="Vaerify Add Patient">openEmrProject.PatientSuite.Vaerify Add Patient</stat>
</suite>
</statistics>
<errors>
</errors>
</robot>
